<?xml version="1.0" encoding="UTF-8"?>
<!-- Generated by org.testng.reporters.JUnitReportReporter -->
<testsuite skipped="0" hostname="asda0101" name="com.qait.automation.tatoc_js.NewTest" tests="6" failures="0" timestamp="12 Jul 2018 12:36:30 GMT" time="2.998" errors="0">
  <testcase name="teststep3" time="2.084" classname="com.qait.automation.tatoc_js.NewTest"/>
  <testcase name="teststep2" time="0.145" classname="com.qait.automation.tatoc_js.NewTest"/>
  <testcase name="teststep5" time="0.240" classname="com.qait.automation.tatoc_js.NewTest"/>
  <testcase name="teststep1" time="0.096" classname="com.qait.automation.tatoc_js.NewTest"/>
  <testcase name="teststep6" time="0.155" classname="com.qait.automation.tatoc_js.NewTest"/>
  <testcase name="teststep4" time="0.278" classname="com.qait.automation.tatoc_js.NewTest"/>
</testsuite> <!-- com.qait.automation.tatoc_js.NewTest -->
